2018/11/18 13:37:09 [error] [php] include(tradeOrder.php): failed to open stream: No such file or directory (D:\yii\clubNews\framework\YiiBase.php:432)
Stack trace:
#0 D:\yii\clubNews\admin\views\tradeDetail\update.php(51): spl_autoload_call()
#1 D:\yii\clubNews\framework\web\CBaseController.php(126): require()
#2 D:\yii\clubNews\framework\web\CBaseController.php(95): TradeDetailController->renderInternal()
#3 D:\yii\clubNews\framework\web\CController.php(872): TradeDetailController->renderFile()
#4 D:\yii\clubNews\framework\web\CController.php(785): TradeDetailController->renderPartial()
#5 D:\yii\clubNews\admin\controllers\TradeDetailController.php(24): TradeDetailController->render()
#6 D:\yii\clubNews\framework\web\actions\CInlineAction.php(49): TradeDetailController->actionCreate()
#7 D:\yii\clubNews\framework\web\CController.php(308): CInlineAction->runWithParams()
#8 D:\yii\clubNews\framework\web\CController.php(286): TradeDetailController->runAction()
#9 D:\yii\clubNews\framework\web\CController.php(265): TradeDetailController->runActionWithFilters()
#10 D:\yii\clubNews\framework\web\CWebApplication.php(282): TradeDetailController->run()
#11 D:\yii\clubNews\framework\web\CWebApplication.php(141): CWebApplication->runController()
#12 D:\yii\clubNews\framework\base\CApplication.php(185): CWebApplication->processRequest()
#13 D:\yii\clubNews\index.php(33): CWebApplication->run()
REQUEST_URI=/clubNews/index.php?r=tradeDetail/create
2018/11/18 13:39:06 [error] [php] include(tradeOrder.php): failed to open stream: No such file or directory (D:\yii\clubNews\framework\YiiBase.php:432)
Stack trace:
#0 D:\yii\clubNews\admin\views\tradeDetail\update.php(51): spl_autoload_call()
#1 D:\yii\clubNews\framework\web\CBaseController.php(126): require()
#2 D:\yii\clubNews\framework\web\CBaseController.php(95): TradeDetailController->renderInternal()
#3 D:\yii\clubNews\framework\web\CController.php(872): TradeDetailController->renderFile()
#4 D:\yii\clubNews\framework\web\CController.php(785): TradeDetailController->renderPartial()
#5 D:\yii\clubNews\admin\controllers\TradeDetailController.php(24): TradeDetailController->render()
#6 D:\yii\clubNews\framework\web\actions\CInlineAction.php(49): TradeDetailController->actionCreate()
#7 D:\yii\clubNews\framework\web\CController.php(308): CInlineAction->runWithParams()
#8 D:\yii\clubNews\framework\web\CController.php(286): TradeDetailController->runAction()
#9 D:\yii\clubNews\framework\web\CController.php(265): TradeDetailController->runActionWithFilters()
#10 D:\yii\clubNews\framework\web\CWebApplication.php(282): TradeDetailController->run()
#11 D:\yii\clubNews\framework\web\CWebApplication.php(141): CWebApplication->runController()
#12 D:\yii\clubNews\framework\base\CApplication.php(185): CWebApplication->processRequest()
#13 D:\yii\clubNews\index.php(33): CWebApplication->run()
REQUEST_URI=/clubNews/index.php?r=tradeDetail/create
2018/11/18 13:39:13 [error] [php] include(tradeOrder.php): failed to open stream: No such file or directory (D:\yii\clubNews\framework\YiiBase.php:432)
Stack trace:
#0 D:\yii\clubNews\admin\views\tradeDetail\update.php(51): spl_autoload_call()
#1 D:\yii\clubNews\framework\web\CBaseController.php(126): require()
#2 D:\yii\clubNews\framework\web\CBaseController.php(95): TradeDetailController->renderInternal()
#3 D:\yii\clubNews\framework\web\CController.php(872): TradeDetailController->renderFile()
#4 D:\yii\clubNews\framework\web\CController.php(785): TradeDetailController->renderPartial()
#5 D:\yii\clubNews\admin\controllers\TradeDetailController.php(24): TradeDetailController->render()
#6 D:\yii\clubNews\framework\web\actions\CInlineAction.php(49): TradeDetailController->actionCreate()
#7 D:\yii\clubNews\framework\web\CController.php(308): CInlineAction->runWithParams()
#8 D:\yii\clubNews\framework\web\CController.php(286): TradeDetailController->runAction()
#9 D:\yii\clubNews\framework\web\CController.php(265): TradeDetailController->runActionWithFilters()
#10 D:\yii\clubNews\framework\web\CWebApplication.php(282): TradeDetailController->run()
#11 D:\yii\clubNews\framework\web\CWebApplication.php(141): CWebApplication->runController()
#12 D:\yii\clubNews\framework\base\CApplication.php(185): CWebApplication->processRequest()
#13 D:\yii\clubNews\index.php(33): CWebApplication->run()
REQUEST_URI=/clubNews/index.php?r=tradeDetail/create
2018/11/18 13:40:11 [error] [php] include(tradeOrder.php): failed to open stream: No such file or directory (D:\yii\clubNews\framework\YiiBase.php:432)
Stack trace:
#0 D:\yii\clubNews\admin\views\tradeDetail\update.php(51): spl_autoload_call()
#1 D:\yii\clubNews\framework\web\CBaseController.php(126): require()
#2 D:\yii\clubNews\framework\web\CBaseController.php(95): TradeDetailController->renderInternal()
#3 D:\yii\clubNews\framework\web\CController.php(872): TradeDetailController->renderFile()
#4 D:\yii\clubNews\framework\web\CController.php(785): TradeDetailController->renderPartial()
#5 D:\yii\clubNews\admin\controllers\TradeDetailController.php(24): TradeDetailController->render()
#6 D:\yii\clubNews\framework\web\actions\CInlineAction.php(49): TradeDetailController->actionCreate()
#7 D:\yii\clubNews\framework\web\CController.php(308): CInlineAction->runWithParams()
#8 D:\yii\clubNews\framework\web\CController.php(286): TradeDetailController->runAction()
#9 D:\yii\clubNews\framework\web\CController.php(265): TradeDetailController->runActionWithFilters()
#10 D:\yii\clubNews\framework\web\CWebApplication.php(282): TradeDetailController->run()
#11 D:\yii\clubNews\framework\web\CWebApplication.php(141): CWebApplication->runController()
#12 D:\yii\clubNews\framework\base\CApplication.php(185): CWebApplication->processRequest()
#13 D:\yii\clubNews\index.php(33): CWebApplication->run()
REQUEST_URI=/clubNews/index.php?r=tradeDetail/create
2018/11/18 13:40:34 [error] [php] include(tradeOrder.php): failed to open stream: No such file or directory (D:\yii\clubNews\framework\YiiBase.php:432)
Stack trace:
#0 D:\yii\clubNews\admin\views\tradeDetail\update.php(51): spl_autoload_call()
#1 D:\yii\clubNews\framework\web\CBaseController.php(126): require()
#2 D:\yii\clubNews\framework\web\CBaseController.php(95): TradeDetailController->renderInternal()
#3 D:\yii\clubNews\framework\web\CController.php(872): TradeDetailController->renderFile()
#4 D:\yii\clubNews\framework\web\CController.php(785): TradeDetailController->renderPartial()
#5 D:\yii\clubNews\admin\controllers\TradeDetailController.php(24): TradeDetailController->render()
#6 D:\yii\clubNews\framework\web\actions\CInlineAction.php(49): TradeDetailController->actionCreate()
#7 D:\yii\clubNews\framework\web\CController.php(308): CInlineAction->runWithParams()
#8 D:\yii\clubNews\framework\web\CController.php(286): TradeDetailController->runAction()
#9 D:\yii\clubNews\framework\web\CController.php(265): TradeDetailController->runActionWithFilters()
#10 D:\yii\clubNews\framework\web\CWebApplication.php(282): TradeDetailController->run()
#11 D:\yii\clubNews\framework\web\CWebApplication.php(141): CWebApplication->runController()
#12 D:\yii\clubNews\framework\base\CApplication.php(185): CWebApplication->processRequest()
#13 D:\yii\clubNews\index.php(33): CWebApplication->run()
REQUEST_URI=/clubNews/index.php?r=tradeDetail/create
2018/11/18 13:40:54 [error] [php] include(tradeOrder.php): failed to open stream: No such file or directory (D:\yii\clubNews\framework\YiiBase.php:432)
Stack trace:
#0 D:\yii\clubNews\admin\views\tradeDetail\update.php(51): spl_autoload_call()
#1 D:\yii\clubNews\framework\web\CBaseController.php(126): require()
#2 D:\yii\clubNews\framework\web\CBaseController.php(95): TradeDetailController->renderInternal()
#3 D:\yii\clubNews\framework\web\CController.php(872): TradeDetailController->renderFile()
#4 D:\yii\clubNews\framework\web\CController.php(785): TradeDetailController->renderPartial()
#5 D:\yii\clubNews\admin\controllers\TradeDetailController.php(24): TradeDetailController->render()
#6 D:\yii\clubNews\framework\web\actions\CInlineAction.php(49): TradeDetailController->actionCreate()
#7 D:\yii\clubNews\framework\web\CController.php(308): CInlineAction->runWithParams()
#8 D:\yii\clubNews\framework\web\CController.php(286): TradeDetailController->runAction()
#9 D:\yii\clubNews\framework\web\CController.php(265): TradeDetailController->runActionWithFilters()
#10 D:\yii\clubNews\framework\web\CWebApplication.php(282): TradeDetailController->run()
#11 D:\yii\clubNews\framework\web\CWebApplication.php(141): CWebApplication->runController()
#12 D:\yii\clubNews\framework\base\CApplication.php(185): CWebApplication->processRequest()
#13 D:\yii\clubNews\index.php(33): CWebApplication->run()
REQUEST_URI=/clubNews/index.php?r=tradeDetail/create
2018/11/18 13:42:15 [error] [php] include(tradeOrder.php): failed to open stream: No such file or directory (D:\yii\clubNews\framework\YiiBase.php:432)
Stack trace:
#0 D:\yii\clubNews\admin\views\tradeDetail\update.php(51): spl_autoload_call()
#1 D:\yii\clubNews\framework\web\CBaseController.php(126): require()
#2 D:\yii\clubNews\framework\web\CBaseController.php(95): TradeDetailController->renderInternal()
#3 D:\yii\clubNews\framework\web\CController.php(872): TradeDetailController->renderFile()
#4 D:\yii\clubNews\framework\web\CController.php(785): TradeDetailController->renderPartial()
#5 D:\yii\clubNews\admin\controllers\TradeDetailController.php(24): TradeDetailController->render()
#6 D:\yii\clubNews\framework\web\actions\CInlineAction.php(49): TradeDetailController->actionCreate()
#7 D:\yii\clubNews\framework\web\CController.php(308): CInlineAction->runWithParams()
#8 D:\yii\clubNews\framework\web\CController.php(286): TradeDetailController->runAction()
#9 D:\yii\clubNews\framework\web\CController.php(265): TradeDetailController->runActionWithFilters()
#10 D:\yii\clubNews\framework\web\CWebApplication.php(282): TradeDetailController->run()
#11 D:\yii\clubNews\framework\web\CWebApplication.php(141): CWebApplication->runController()
#12 D:\yii\clubNews\framework\base\CApplication.php(185): CWebApplication->processRequest()
#13 D:\yii\clubNews\index.php(33): CWebApplication->run()
REQUEST_URI=/clubNews/index.php?r=tradeDetail/create
2018/11/18 13:42:28 [error] [php] include(tradeOrder.php): failed to open stream: No such file or directory (D:\yii\clubNews\framework\YiiBase.php:432)
Stack trace:
#0 D:\yii\clubNews\admin\views\tradeDetail\update.php(51): spl_autoload_call()
#1 D:\yii\clubNews\framework\web\CBaseController.php(126): require()
#2 D:\yii\clubNews\framework\web\CBaseController.php(95): TradeDetailController->renderInternal()
#3 D:\yii\clubNews\framework\web\CController.php(872): TradeDetailController->renderFile()
#4 D:\yii\clubNews\framework\web\CController.php(785): TradeDetailController->renderPartial()
#5 D:\yii\clubNews\admin\controllers\TradeDetailController.php(24): TradeDetailController->render()
#6 D:\yii\clubNews\framework\web\actions\CInlineAction.php(49): TradeDetailController->actionCreate()
#7 D:\yii\clubNews\framework\web\CController.php(308): CInlineAction->runWithParams()
#8 D:\yii\clubNews\framework\web\CController.php(286): TradeDetailController->runAction()
#9 D:\yii\clubNews\framework\web\CController.php(265): TradeDetailController->runActionWithFilters()
#10 D:\yii\clubNews\framework\web\CWebApplication.php(282): TradeDetailController->run()
#11 D:\yii\clubNews\framework\web\CWebApplication.php(141): CWebApplication->runController()
#12 D:\yii\clubNews\framework\base\CApplication.php(185): CWebApplication->processRequest()
#13 D:\yii\clubNews\index.php(33): CWebApplication->run()
REQUEST_URI=/clubNews/index.php?r=tradeDetail/create
2018/11/18 13:43:13 [error] [php] include(tradeOrder.php): failed to open stream: No such file or directory (D:\yii\clubNews\framework\YiiBase.php:432)
Stack trace:
#0 D:\yii\clubNews\admin\views\tradeDetail\update.php(51): spl_autoload_call()
#1 D:\yii\clubNews\framework\web\CBaseController.php(126): require()
#2 D:\yii\clubNews\framework\web\CBaseController.php(95): TradeDetailController->renderInternal()
#3 D:\yii\clubNews\framework\web\CController.php(872): TradeDetailController->renderFile()
#4 D:\yii\clubNews\framework\web\CController.php(785): TradeDetailController->renderPartial()
#5 D:\yii\clubNews\admin\controllers\TradeDetailController.php(24): TradeDetailController->render()
#6 D:\yii\clubNews\framework\web\actions\CInlineAction.php(49): TradeDetailController->actionCreate()
#7 D:\yii\clubNews\framework\web\CController.php(308): CInlineAction->runWithParams()
#8 D:\yii\clubNews\framework\web\CController.php(286): TradeDetailController->runAction()
#9 D:\yii\clubNews\framework\web\CController.php(265): TradeDetailController->runActionWithFilters()
#10 D:\yii\clubNews\framework\web\CWebApplication.php(282): TradeDetailController->run()
#11 D:\yii\clubNews\framework\web\CWebApplication.php(141): CWebApplication->runController()
#12 D:\yii\clubNews\framework\base\CApplication.php(185): CWebApplication->processRequest()
#13 D:\yii\clubNews\index.php(33): CWebApplication->run()
REQUEST_URI=/clubNews/index.php?r=tradeDetail/create
2018/11/18 13:43:47 [error] [exception.CHttpException.404] CHttpException: æ— æ³•è§£æžè¯·æ±‚ "tradeOrder/index"ã€‚ in D:\yii\clubNews\framework\web\CWebApplication.php:286
Stack trace:
#0 D:\yii\clubNews\framework\web\CWebApplication.php(141): CWebApplication->runController('tradeOrder/inde...')
#1 D:\yii\clubNews\framework\base\CApplication.php(185): CWebApplication->processRequest()
#2 D:\yii\clubNews\index.php(33): CApplication->run()
#3 {main}
REQUEST_URI=/clubNews/index.php?r=tradeOrder/index
HTTP_REFERER=http://localhost/clubNews/
---
2018/11/18 13:43:49 [error] [exception.CHttpException.404] CHttpException: æ— æ³•è§£æžè¯·æ±‚ "tradeOrder/index"ã€‚ in D:\yii\clubNews\framework\web\CWebApplication.php:286
Stack trace:
#0 D:\yii\clubNews\framework\web\CWebApplication.php(141): CWebApplication->runController('tradeOrder/inde...')
#1 D:\yii\clubNews\framework\base\CApplication.php(185): CWebApplication->processRequest()
#2 D:\yii\clubNews\index.php(33): CApplication->run()
#3 {main}
REQUEST_URI=/clubNews/index.php?r=tradeOrder/index
HTTP_REFERER=http://localhost/clubNews/
---
2018/11/18 13:48:43 [error] [exception.Error] Error: Class 'WarehouseOut' not found in D:\yii\clubNews\admin\controllers\WarehouseOutController.php:67
Stack trace:
#0 [internal function]: WarehouseOutController->actionIndex('')
#1 D:\yii\clubNews\framework\web\actions\CAction.php(109): ReflectionMethod->invokeArgs(Object(WarehouseOutController), Array)
#2 D:\yii\clubNews\framework\web\actions\CInlineAction.php(47): CAction->runWithParamsInternal(Object(WarehouseOutController), Object(ReflectionMethod), Array)
#3 D:\yii\clubNews\framework\web\CController.php(308): CInlineAction->runWithParams(Array)
#4 D:\yii\clubNews\framework\web\CController.php(286): CController->runAction(Object(CInlineAction))
#5 D:\yii\clubNews\framework\web\CController.php(265): CController->runActionWithFilters(Object(CInlineAction), Array)
#6 D:\yii\clubNews\framework\web\CWebApplication.php(282): CController->run('index')
#7 D:\yii\clubNews\framework\web\CWebApplication.php(141): CWebApplication->runController('warehouseOut/in...')
#8 D:\yii\clubNews\framework\base\CApplication.php(185): CWebApplication->processRequest()
#9 D:\yii\clubNews\index.php(33): CApplication->run()
#10 {main}
REQUEST_URI=/clubNews/index.php?r=warehouseOut/index
HTTP_REFERER=http://localhost/clubNews/
---
2018/11/18 13:51:43 [error] [system.db.CDbCommand] CDbCommand::fetchColumn() failed: SQLSTATE[42000]: Syntax error or access violation: 1064 You have an error in your SQL syntax; check the manual that corresponds to your MariaDB server version for the right syntax to use near '(order_title like "%å¹¿å·ž%" OR order_num like "%å¹¿å·ž%")' at line 1. The SQL statement executed was: SELECT COUNT(*) FROM `trade_order` `t` WHERE order_type=1(order_title like "%å¹¿å·ž%" OR order_num like "%å¹¿å·ž%").
2018/11/18 13:51:43 [error] [exception.CDbException] CDbException: CDbCommand æ— æ³•æ‰§è¡Œ SQL è¯­å¥: SQLSTATE[42000]: Syntax error or access violation: 1064 You have an error in your SQL syntax; check the manual that corresponds to your MariaDB server version for the right syntax to use near '(order_title like "%å¹¿å·ž%" OR order_num like "%å¹¿å·ž%")' at line 1 in D:\yii\clubNews\framework\db\CDbCommand.php:543
Stack trace:
#0 D:\yii\clubNews\framework\db\CDbCommand.php(433): CDbCommand->queryInternal('fetchColumn', 0, Array)
#1 D:\yii\clubNews\framework\db\ar\CActiveRecord.php(1609): CDbCommand->queryScalar()
#2 D:\yii\clubNews\admin\components\BaseController.php(62): CActiveRecord->count(Object(CDbCriteria))
#3 D:\yii\clubNews\admin\controllers\WarehouseOutController.php(78): BaseController->_list(Object(WarehouseOut), Object(CDbCriteria), 'index', Array)
#4 [internal function]: WarehouseOutController->actionIndex('\xE5\xB9\xBF\xE5\xB7\x9E')
#5 D:\yii\clubNews\framework\web\actions\CAction.php(109): ReflectionMethod->invokeArgs(Object(WarehouseOutController), Array)
#6 D:\yii\clubNews\framework\web\actions\CInlineAction.php(47): CAction->runWithParamsInternal(Object(WarehouseOutController), Object(ReflectionMethod), Array)
#7 D:\yii\clubNews\framework\web\CController.php(308): CInlineAction->runWithParams(Array)
#8 D:\yii\clubNews\framework\web\CController.php(286): CController->runAction(Object(CInlineAction))
#9 D:\yii\clubNews\framework\web\CController.php(265): CController->runActionWithFilters(Object(CInlineAction), Array)
#10 D:\yii\clubNews\framework\web\CWebApplication.php(282): CController->run('index')
#11 D:\yii\clubNews\framework\web\CWebApplication.php(141): CWebApplication->runController('warehouseOut/in...')
#12 D:\yii\clubNews\framework\base\CApplication.php(185): CWebApplication->processRequest()
#13 D:\yii\clubNews\index.php(33): CApplication->run()
#14 {main}
REQUEST_URI=/clubNews/index.php?r=warehouseOut%2Findex&keywords=%E5%B9%BF%E5%B7%9E
HTTP_REFERER=http://localhost/clubNews/index.php?r=warehouseOut/index
---
2018/12/02 06:02:00 [error] [exception.CDbException] SQLSTATE[HY000] [2002] ÓÉÓÚÄ¿±ê¼ÆËã»ú»ý¼«¾Ü¾ø£¬ÎÞ·¨Á¬½Ó¡£

2018/12/02 06:02:00 [error] [exception.CDbException] CDbException: CDbConnection failed to open the DB connection. in D:\yii\clubNews\framework\db\CDbConnection.php:405
Stack trace:
#0 D:\yii\clubNews\framework\db\CDbConnection.php(347): CDbConnection->open()
#1 D:\yii\clubNews\framework\db\CDbConnection.php(325): CDbConnection->setActive(true)
#2 D:\yii\clubNews\framework\base\CModule.php(394): CDbConnection->init()
#3 D:\yii\clubNews\framework\base\CApplication.php(459): CModule->getComponent('db')
#4 D:\yii\clubNews\framework\db\ar\CActiveRecord.php(639): CApplication->getDb()
#5 D:\yii\clubNews\framework\db\ar\CActiveRecord.php(672): CActiveRecord->getDbConnection()
#6 D:\yii\clubNews\framework\db\ar\CActiveRecord.php(1604): CActiveRecord->getCommandBuilder()
#7 D:\yii\clubNews\admin\components\BaseController.php(62): CActiveRecord->count(Object(CDbCriteria))
#8 D:\yii\clubNews\admin\controllers\WarehouseInController.php(78): BaseController->_list(Object(WarehouseIn), Object(CDbCriteria), 'index', Array)
#9 [internal function]: WarehouseInController->actionIndex('')
#10 D:\yii\clubNews\framework\web\actions\CAction.php(109): ReflectionMethod->invokeArgs(Object(WarehouseInController), Array)
#11 D:\yii\clubNews\framework\web\actions\CInlineAction.php(47): CAction->runWithParamsInternal(Object(WarehouseInController), Object(ReflectionMethod), Array)
#12 D:\yii\clubNews\framework\web\CController.php(308): CInlineAction->runWithParams(Array)
#13 D:\yii\clubNews\framework\web\CController.php(286): CController->runAction(Object(CInlineAction))
#14 D:\yii\clubNews\framework\web\CController.php(265): CController->runActionWithFilters(Object(CInlineAction), Array)
#15 D:\yii\clubNews\framework\web\CWebApplication.php(282): CController->run('index')
#16 D:\yii\clubNews\framework\web\CWebApplication.php(141): CWebApplication->runController('warehouseIn/ind...')
#17 D:\yii\clubNews\framework\base\CApplication.php(185): CWebApplication->processRequest()
#18 D:\yii\clubNews\index.php(33): CApplication->run()
#19 {main}
REQUEST_URI=/clubNews/index.php?r=warehouseIn/index
HTTP_REFERER=http://localhost/clubNews/
---
2018/12/02 06:02:02 [error] [exception.CDbException] SQLSTATE[HY000] [2002] ÓÉÓÚÄ¿±ê¼ÆËã»ú»ý¼«¾Ü¾ø£¬ÎÞ·¨Á¬½Ó¡£

2018/12/02 06:02:02 [error] [exception.CDbException] CDbException: CDbConnection failed to open the DB connection. in D:\yii\clubNews\framework\db\CDbConnection.php:405
Stack trace:
#0 D:\yii\clubNews\framework\db\CDbConnection.php(347): CDbConnection->open()
#1 D:\yii\clubNews\framework\db\CDbConnection.php(325): CDbConnection->setActive(true)
#2 D:\yii\clubNews\framework\base\CModule.php(394): CDbConnection->init()
#3 D:\yii\clubNews\framework\base\CApplication.php(459): CModule->getComponent('db')
#4 D:\yii\clubNews\framework\db\ar\CActiveRecord.php(639): CApplication->getDb()
#5 D:\yii\clubNews\framework\db\ar\CActiveRecord.php(672): CActiveRecord->getDbConnection()
#6 D:\yii\clubNews\framework\db\ar\CActiveRecord.php(1604): CActiveRecord->getCommandBuilder()
#7 D:\yii\clubNews\admin\components\BaseController.php(62): CActiveRecord->count(Object(CDbCriteria))
#8 D:\yii\clubNews\admin\controllers\WarehouseInController.php(78): BaseController->_list(Object(WarehouseIn), Object(CDbCriteria), 'index', Array)
#9 [internal function]: WarehouseInController->actionIndex('')
#10 D:\yii\clubNews\framework\web\actions\CAction.php(109): ReflectionMethod->invokeArgs(Object(WarehouseInController), Array)
#11 D:\yii\clubNews\framework\web\actions\CInlineAction.php(47): CAction->runWithParamsInternal(Object(WarehouseInController), Object(ReflectionMethod), Array)
#12 D:\yii\clubNews\framework\web\CController.php(308): CInlineAction->runWithParams(Array)
#13 D:\yii\clubNews\framework\web\CController.php(286): CController->runAction(Object(CInlineAction))
#14 D:\yii\clubNews\framework\web\CController.php(265): CController->runActionWithFilters(Object(CInlineAction), Array)
#15 D:\yii\clubNews\framework\web\CWebApplication.php(282): CController->run('index')
#16 D:\yii\clubNews\framework\web\CWebApplication.php(141): CWebApplication->runController('warehouseIn/ind...')
#17 D:\yii\clubNews\framework\base\CApplication.php(185): CWebApplication->processRequest()
#18 D:\yii\clubNews\index.php(33): CApplication->run()
#19 {main}
REQUEST_URI=/clubNews/index.php?r=warehouseIn/index
HTTP_REFERER=http://localhost/clubNews/
---
2018/12/02 06:02:04 [error] [exception.CDbException] SQLSTATE[HY000] [2002] ÓÉÓÚÄ¿±ê¼ÆËã»ú»ý¼«¾Ü¾ø£¬ÎÞ·¨Á¬½Ó¡£

2018/12/02 06:02:04 [error] [exception.CDbException] CDbException: CDbConnection failed to open the DB connection. in D:\yii\clubNews\framework\db\CDbConnection.php:405
Stack trace:
#0 D:\yii\clubNews\framework\db\CDbConnection.php(347): CDbConnection->open()
#1 D:\yii\clubNews\framework\db\CDbConnection.php(325): CDbConnection->setActive(true)
#2 D:\yii\clubNews\framework\base\CModule.php(394): CDbConnection->init()
#3 D:\yii\clubNews\framework\base\CApplication.php(459): CModule->getComponent('db')
#4 D:\yii\clubNews\framework\db\ar\CActiveRecord.php(639): CApplication->getDb()
#5 D:\yii\clubNews\framework\db\ar\CActiveRecord.php(672): CActiveRecord->getDbConnection()
#6 D:\yii\clubNews\framework\db\ar\CActiveRecord.php(1604): CActiveRecord->getCommandBuilder()
#7 D:\yii\clubNews\admin\components\BaseController.php(62): CActiveRecord->count(Object(CDbCriteria))
#8 D:\yii\clubNews\admin\controllers\WarehouseInController.php(78): BaseController->_list(Object(WarehouseIn), Object(CDbCriteria), 'index', Array)
#9 [internal function]: WarehouseInController->actionIndex('')
#10 D:\yii\clubNews\framework\web\actions\CAction.php(109): ReflectionMethod->invokeArgs(Object(WarehouseInController), Array)
#11 D:\yii\clubNews\framework\web\actions\CInlineAction.php(47): CAction->runWithParamsInternal(Object(WarehouseInController), Object(ReflectionMethod), Array)
#12 D:\yii\clubNews\framework\web\CController.php(308): CInlineAction->runWithParams(Array)
#13 D:\yii\clubNews\framework\web\CController.php(286): CController->runAction(Object(CInlineAction))
#14 D:\yii\clubNews\framework\web\CController.php(265): CController->runActionWithFilters(Object(CInlineAction), Array)
#15 D:\yii\clubNews\framework\web\CWebApplication.php(282): CController->run('index')
#16 D:\yii\clubNews\framework\web\CWebApplication.php(141): CWebApplication->runController('warehouseIn/ind...')
#17 D:\yii\clubNews\framework\base\CApplication.php(185): CWebApplication->processRequest()
#18 D:\yii\clubNews\index.php(33): CApplication->run()
#19 {main}
REQUEST_URI=/clubNews/index.php?r=warehouseIn/index
HTTP_REFERER=http://localhost/clubNews/
---
2018/12/02 06:04:47 [error] [exception.CDbException] SQLSTATE[HY000] [1045] Access denied for user 'root'@'localhost' (using password: YES)
2018/12/02 06:04:47 [error] [exception.CDbException] CDbException: CDbConnection failed to open the DB connection. in D:\yii\clubNews\framework\db\CDbConnection.php:405
Stack trace:
#0 D:\yii\clubNews\framework\db\CDbConnection.php(347): CDbConnection->open()
#1 D:\yii\clubNews\framework\db\CDbConnection.php(325): CDbConnection->setActive(true)
#2 D:\yii\clubNews\framework\base\CModule.php(394): CDbConnection->init()
#3 D:\yii\clubNews\framework\base\CApplication.php(459): CModule->getComponent('db')
#4 D:\yii\clubNews\framework\db\ar\CActiveRecord.php(639): CApplication->getDb()
#5 D:\yii\clubNews\framework\db\ar\CActiveRecord.php(672): CActiveRecord->getDbConnection()
#6 D:\yii\clubNews\framework\db\ar\CActiveRecord.php(1604): CActiveRecord->getCommandBuilder()
#7 D:\yii\clubNews\admin\components\BaseController.php(62): CActiveRecord->count(Object(CDbCriteria))
#8 D:\yii\clubNews\admin\controllers\WarehouseInController.php(78): BaseController->_list(Object(WarehouseIn), Object(CDbCriteria), 'index', Array)
#9 [internal function]: WarehouseInController->actionIndex('')
#10 D:\yii\clubNews\framework\web\actions\CAction.php(109): ReflectionMethod->invokeArgs(Object(WarehouseInController), Array)
#11 D:\yii\clubNews\framework\web\actions\CInlineAction.php(47): CAction->runWithParamsInternal(Object(WarehouseInController), Object(ReflectionMethod), Array)
#12 D:\yii\clubNews\framework\web\CController.php(308): CInlineAction->runWithParams(Array)
#13 D:\yii\clubNews\framework\web\CController.php(286): CController->runAction(Object(CInlineAction))
#14 D:\yii\clubNews\framework\web\CController.php(265): CController->runActionWithFilters(Object(CInlineAction), Array)
#15 D:\yii\clubNews\framework\web\CWebApplication.php(282): CController->run('index')
#16 D:\yii\clubNews\framework\web\CWebApplication.php(141): CWebApplication->runController('warehouseIn/ind...')
#17 D:\yii\clubNews\framework\base\CApplication.php(185): CWebApplication->processRequest()
#18 D:\yii\clubNews\index.php(33): CApplication->run()
#19 {main}
REQUEST_URI=/clubNews/index.php?r=warehouseIn/index
HTTP_REFERER=http://localhost/clubNews/
---
2018/12/02 06:04:48 [error] [exception.CDbException] SQLSTATE[HY000] [1045] Access denied for user 'root'@'localhost' (using password: YES)
2018/12/02 06:04:48 [error] [exception.CDbException] CDbException: CDbConnection failed to open the DB connection. in D:\yii\clubNews\framework\db\CDbConnection.php:405
Stack trace:
#0 D:\yii\clubNews\framework\db\CDbConnection.php(347): CDbConnection->open()
#1 D:\yii\clubNews\framework\db\CDbConnection.php(325): CDbConnection->setActive(true)
#2 D:\yii\clubNews\framework\base\CModule.php(394): CDbConnection->init()
#3 D:\yii\clubNews\framework\base\CApplication.php(459): CModule->getComponent('db')
#4 D:\yii\clubNews\framework\db\ar\CActiveRecord.php(639): CApplication->getDb()
#5 D:\yii\clubNews\framework\db\ar\CActiveRecord.php(672): CActiveRecord->getDbConnection()
#6 D:\yii\clubNews\framework\db\ar\CActiveRecord.php(1604): CActiveRecord->getCommandBuilder()
#7 D:\yii\clubNews\admin\components\BaseController.php(62): CActiveRecord->count(Object(CDbCriteria))
#8 D:\yii\clubNews\admin\controllers\WarehouseInController.php(78): BaseController->_list(Object(WarehouseIn), Object(CDbCriteria), 'index', Array)
#9 [internal function]: WarehouseInController->actionIndex('')
#10 D:\yii\clubNews\framework\web\actions\CAction.php(109): ReflectionMethod->invokeArgs(Object(WarehouseInController), Array)
#11 D:\yii\clubNews\framework\web\actions\CInlineAction.php(47): CAction->runWithParamsInternal(Object(WarehouseInController), Object(ReflectionMethod), Array)
#12 D:\yii\clubNews\framework\web\CController.php(308): CInlineAction->runWithParams(Array)
#13 D:\yii\clubNews\framework\web\CController.php(286): CController->runAction(Object(CInlineAction))
#14 D:\yii\clubNews\framework\web\CController.php(265): CController->runActionWithFilters(Object(CInlineAction), Array)
#15 D:\yii\clubNews\framework\web\CWebApplication.php(282): CController->run('index')
#16 D:\yii\clubNews\framework\web\CWebApplication.php(141): CWebApplication->runController('warehouseIn/ind...')
#17 D:\yii\clubNews\framework\base\CApplication.php(185): CWebApplication->processRequest()
#18 D:\yii\clubNews\index.php(33): CApplication->run()
#19 {main}
REQUEST_URI=/clubNews/index.php?r=warehouseIn/index
HTTP_REFERER=http://localhost/clubNews/
---
2018/12/02 06:04:49 [error] [exception.CDbException] SQLSTATE[HY000] [1045] Access denied for user 'root'@'localhost' (using password: YES)
2018/12/02 06:04:49 [error] [exception.CDbException] CDbException: CDbConnection failed to open the DB connection. in D:\yii\clubNews\framework\db\CDbConnection.php:405
Stack trace:
#0 D:\yii\clubNews\framework\db\CDbConnection.php(347): CDbConnection->open()
#1 D:\yii\clubNews\framework\db\CDbConnection.php(325): CDbConnection->setActive(true)
#2 D:\yii\clubNews\framework\base\CModule.php(394): CDbConnection->init()
#3 D:\yii\clubNews\framework\base\CApplication.php(459): CModule->getComponent('db')
#4 D:\yii\clubNews\framework\db\ar\CActiveRecord.php(639): CApplication->getDb()
#5 D:\yii\clubNews\framework\db\ar\CActiveRecord.php(672): CActiveRecord->getDbConnection()
#6 D:\yii\clubNews\framework\db\ar\CActiveRecord.php(1604): CActiveRecord->getCommandBuilder()
#7 D:\yii\clubNews\admin\components\BaseController.php(62): CActiveRecord->count(Object(CDbCriteria))
#8 D:\yii\clubNews\admin\controllers\WarehouseOutController.php(78): BaseController->_list(Object(WarehouseOut), Object(CDbCriteria), 'index', Array)
#9 [internal function]: WarehouseOutController->actionIndex('')
#10 D:\yii\clubNews\framework\web\actions\CAction.php(109): ReflectionMethod->invokeArgs(Object(WarehouseOutController), Array)
#11 D:\yii\clubNews\framework\web\actions\CInlineAction.php(47): CAction->runWithParamsInternal(Object(WarehouseOutController), Object(ReflectionMethod), Array)
#12 D:\yii\clubNews\framework\web\CController.php(308): CInlineAction->runWithParams(Array)
#13 D:\yii\clubNews\framework\web\CController.php(286): CController->runAction(Object(CInlineAction))
#14 D:\yii\clubNews\framework\web\CController.php(265): CController->runActionWithFilters(Object(CInlineAction), Array)
#15 D:\yii\clubNews\framework\web\CWebApplication.php(282): CController->run('index')
#16 D:\yii\clubNews\framework\web\CWebApplication.php(141): CWebApplication->runController('warehouseOut/in...')
#17 D:\yii\clubNews\framework\base\CApplication.php(185): CWebApplication->processRequest()
#18 D:\yii\clubNews\index.php(33): CApplication->run()
#19 {main}
REQUEST_URI=/clubNews/index.php?r=warehouseOut/index
HTTP_REFERER=http://localhost/clubNews/
---
2018/12/02 13:00:56 [error] [system.db.CDbCommand] CDbCommand::fetchColumn() failed: SQLSTATE[42000]: Syntax error or access violation: 1064 You have an error in your SQL syntax; check the manual that corresponds to your MariaDB server version for the right syntax to use near 'AND (s_name like "%ç™¾ä½³%")' at line 1. The SQL statement executed was: SELECT COUNT(*) FROM `supplier_list` `t` WHERE  AND (s_name like "%ç™¾ä½³%").
2018/12/02 13:00:56 [error] [exception.CDbException] CDbException: CDbCommand æ— æ³•æ‰§è¡Œ SQL è¯­å¥: SQLSTATE[42000]: Syntax error or access violation: 1064 You have an error in your SQL syntax; check the manual that corresponds to your MariaDB server version for the right syntax to use near 'AND (s_name like "%ç™¾ä½³%")' at line 1 in D:\yii\clubNews\framework\db\CDbCommand.php:543
Stack trace:
#0 D:\yii\clubNews\framework\db\CDbCommand.php(433): CDbCommand->queryInternal('fetchColumn', 0, Array)
#1 D:\yii\clubNews\framework\db\ar\CActiveRecord.php(1609): CDbCommand->queryScalar()
#2 D:\yii\clubNews\admin\components\BaseController.php(62): CActiveRecord->count(Object(CDbCriteria))
#3 D:\yii\clubNews\admin\controllers\SelectController.php(35): BaseController->_list(Object(SupplierList), Object(CDbCriteria), 'supplier', Array, 10)
#4 D:\yii\clubNews\admin\controllers\SelectController.php(13): SelectController->show_info('\xE7\x99\xBE\xE4\xBD\xB3', 0, 0, 0, 's_type=100', 'supplier')
#5 [internal function]: SelectController->actionSupplier('\xE7\x99\xBE\xE4\xBD\xB3', 0, 0, 0, 's_type=100')
#6 D:\yii\clubNews\framework\web\actions\CAction.php(109): ReflectionMethod->invokeArgs(Object(SelectController), Array)
#7 D:\yii\clubNews\framework\web\actions\CInlineAction.php(47): CAction->runWithParamsInternal(Object(SelectController), Object(ReflectionMethod), Array)
#8 D:\yii\clubNews\framework\web\CController.php(308): CInlineAction->runWithParams(Array)
#9 D:\yii\clubNews\framework\web\CController.php(286): CController->runAction(Object(CInlineAction))
#10 D:\yii\clubNews\framework\web\CController.php(265): CController->runActionWithFilters(Object(CInlineAction), Array)
#11 D:\yii\clubNews\framework\web\CWebApplication.php(282): CController->run('supplier')
#12 D:\yii\clubNews\framework\web\CWebApplication.php(141): CWebApplication->runController('select/supplier')
#13 D:\yii\clubNews\framework\base\CApplication.php(185): CWebApplication->processRequest()
#14 D:\yii\clubNews\index.php(33): CApplication->run()
#15 {main}
REQUEST_URI=/clubNews/index.php?r=select%2Fsupplier&keywords=%E7%99%BE%E4%BD%B3
HTTP_REFERER=http://localhost/clubNews/index.php?r=select%2Fsupplier&keywords=
---
2018/12/02 13:10:37 [error] [exception.ParseError] ParseError: syntax error, unexpected ';', expecting ',' or ')' in D:\yii\clubNews\admin\views\warehouseIn\update.php:119
Stack trace:
#0 D:\yii\clubNews\framework\web\CBaseController.php(95): CBaseController->renderInternal('D:\\yii\\clubNews...', Array, true)
#1 D:\yii\clubNews\framework\web\CController.php(872): CBaseController->renderFile('D:\\yii\\clubNews...', Array, true)
#2 D:\yii\clubNews\framework\web\CController.php(785): CController->renderPartial('update', Array, true)
#3 D:\yii\clubNews\admin\controllers\WarehouseInController.php(27): CController->render('update', Array)
#4 D:\yii\clubNews\framework\web\actions\CInlineAction.php(49): WarehouseInController->actionCreate()
#5 D:\yii\clubNews\framework\web\CController.php(308): CInlineAction->runWithParams(Array)
#6 D:\yii\clubNews\framework\web\CController.php(286): CController->runAction(Object(CInlineAction))
#7 D:\yii\clubNews\framework\web\CController.php(265): CController->runActionWithFilters(Object(CInlineAction), Array)
#8 D:\yii\clubNews\framework\web\CWebApplication.php(282): CController->run('create')
#9 D:\yii\clubNews\framework\web\CWebApplication.php(141): CWebApplication->runController('warehouseIn/cre...')
#10 D:\yii\clubNews\framework\base\CApplication.php(185): CWebApplication->processRequest()
#11 D:\yii\clubNews\index.php(33): CApplication->run()
#12 {main}
REQUEST_URI=/clubNews/index.php?r=warehouseIn/create
HTTP_REFERER=http://localhost/clubNews/index.php?r=warehouseIn/index
---
2018/12/02 13:11:01 [error] [exception.ParseError] ParseError: syntax error, unexpected ';', expecting ',' or ')' in D:\yii\clubNews\admin\views\warehouseIn\update.php:119
Stack trace:
#0 D:\yii\clubNews\framework\web\CBaseController.php(95): CBaseController->renderInternal('D:\\yii\\clubNews...', Array, true)
#1 D:\yii\clubNews\framework\web\CController.php(872): CBaseController->renderFile('D:\\yii\\clubNews...', Array, true)
#2 D:\yii\clubNews\framework\web\CController.php(785): CController->renderPartial('update', Array, true)
#3 D:\yii\clubNews\admin\controllers\WarehouseInController.php(27): CController->render('update', Array)
#4 D:\yii\clubNews\framework\web\actions\CInlineAction.php(49): WarehouseInController->actionCreate()
#5 D:\yii\clubNews\framework\web\CController.php(308): CInlineAction->runWithParams(Array)
#6 D:\yii\clubNews\framework\web\CController.php(286): CController->runAction(Object(CInlineAction))
#7 D:\yii\clubNews\framework\web\CController.php(265): CController->runActionWithFilters(Object(CInlineAction), Array)
#8 D:\yii\clubNews\framework\web\CWebApplication.php(282): CController->run('create')
#9 D:\yii\clubNews\framework\web\CWebApplication.php(141): CWebApplication->runController('warehouseIn/cre...')
#10 D:\yii\clubNews\framework\base\CApplication.php(185): CWebApplication->processRequest()
#11 D:\yii\clubNews\index.php(33): CApplication->run()
#12 {main}
REQUEST_URI=/clubNews/index.php?r=warehouseIn/create
HTTP_REFERER=http://localhost/clubNews/index.php?r=warehouseIn/index
---
2018/12/02 13:11:05 [error] [exception.ParseError] ParseError: syntax error, unexpected ';', expecting ',' or ')' in D:\yii\clubNews\admin\views\warehouseIn\update.php:119
Stack trace:
#0 D:\yii\clubNews\framework\web\CBaseController.php(95): CBaseController->renderInternal('D:\\yii\\clubNews...', Array, true)
#1 D:\yii\clubNews\framework\web\CController.php(872): CBaseController->renderFile('D:\\yii\\clubNews...', Array, true)
#2 D:\yii\clubNews\framework\web\CController.php(785): CController->renderPartial('update', Array, true)
#3 D:\yii\clubNews\admin\controllers\WarehouseInController.php(40): CController->render('update', Array)
#4 [internal function]: WarehouseInController->actionUpdate('1')
#5 D:\yii\clubNews\framework\web\actions\CAction.php(109): ReflectionMethod->invokeArgs(Object(WarehouseInController), Array)
#6 D:\yii\clubNews\framework\web\actions\CInlineAction.php(47): CAction->runWithParamsInternal(Object(WarehouseInController), Object(ReflectionMethod), Array)
#7 D:\yii\clubNews\framework\web\CController.php(308): CInlineAction->runWithParams(Array)
#8 D:\yii\clubNews\framework\web\CController.php(286): CController->runAction(Object(CInlineAction))
#9 D:\yii\clubNews\framework\web\CController.php(265): CController->runActionWithFilters(Object(CInlineAction), Array)
#10 D:\yii\clubNews\framework\web\CWebApplication.php(282): CController->run('update')
#11 D:\yii\clubNews\framework\web\CWebApplication.php(141): CWebApplication->runController('warehouseIn/upd...')
#12 D:\yii\clubNews\framework\base\CApplication.php(185): CWebApplication->processRequest()
#13 D:\yii\clubNews\index.php(33): CApplication->run()
#14 {main}
REQUEST_URI=/clubNews/index.php?r=warehouseIn/update&id=1
HTTP_REFERER=http://localhost/clubNews/index.php?r=warehouseIn/index
---
2018/12/02 13:11:25 [error] [exception.ParseError] ParseError: syntax error, unexpected ';', expecting ',' or ')' in D:\yii\clubNews\admin\views\warehouseIn\update.php:119
Stack trace:
#0 D:\yii\clubNews\framework\web\CBaseController.php(95): CBaseController->renderInternal('D:\\yii\\clubNews...', Array, true)
#1 D:\yii\clubNews\framework\web\CController.php(872): CBaseController->renderFile('D:\\yii\\clubNews...', Array, true)
#2 D:\yii\clubNews\framework\web\CController.php(785): CController->renderPartial('update', Array, true)
#3 D:\yii\clubNews\admin\controllers\WarehouseInController.php(40): CController->render('update', Array)
#4 [internal function]: WarehouseInController->actionUpdate('1')
#5 D:\yii\clubNews\framework\web\actions\CAction.php(109): ReflectionMethod->invokeArgs(Object(WarehouseInController), Array)
#6 D:\yii\clubNews\framework\web\actions\CInlineAction.php(47): CAction->runWithParamsInternal(Object(WarehouseInController), Object(ReflectionMethod), Array)
#7 D:\yii\clubNews\framework\web\CController.php(308): CInlineAction->runWithParams(Array)
#8 D:\yii\clubNews\framework\web\CController.php(286): CController->runAction(Object(CInlineAction))
#9 D:\yii\clubNews\framework\web\CController.php(265): CController->runActionWithFilters(Object(CInlineAction), Array)
#10 D:\yii\clubNews\framework\web\CWebApplication.php(282): CController->run('update')
#11 D:\yii\clubNews\framework\web\CWebApplication.php(141): CWebApplication->runController('warehouseIn/upd...')
#12 D:\yii\clubNews\framework\base\CApplication.php(185): CWebApplication->processRequest()
#13 D:\yii\clubNews\index.php(33): CApplication->run()
#14 {main}
REQUEST_URI=/clubNews/index.php?r=warehouseIn/update&id=1
HTTP_REFERER=http://localhost/clubNews/index.php?r=warehouseIn/index
---
2018/12/02 13:11:32 [error] [exception.ParseError] ParseError: syntax error, unexpected ';', expecting ',' or ')' in D:\yii\clubNews\admin\views\warehouseIn\update.php:119
Stack trace:
#0 D:\yii\clubNews\framework\web\CBaseController.php(95): CBaseController->renderInternal('D:\\yii\\clubNews...', Array, true)
#1 D:\yii\clubNews\framework\web\CController.php(872): CBaseController->renderFile('D:\\yii\\clubNews...', Array, true)
#2 D:\yii\clubNews\framework\web\CController.php(785): CController->renderPartial('update', Array, true)
#3 D:\yii\clubNews\admin\controllers\WarehouseInController.php(40): CController->render('update', Array)
#4 [internal function]: WarehouseInController->actionUpdate('1')
#5 D:\yii\clubNews\framework\web\actions\CAction.php(109): ReflectionMethod->invokeArgs(Object(WarehouseInController), Array)
#6 D:\yii\clubNews\framework\web\actions\CInlineAction.php(47): CAction->runWithParamsInternal(Object(WarehouseInController), Object(ReflectionMethod), Array)
#7 D:\yii\clubNews\framework\web\CController.php(308): CInlineAction->runWithParams(Array)
#8 D:\yii\clubNews\framework\web\CController.php(286): CController->runAction(Object(CInlineAction))
#9 D:\yii\clubNews\framework\web\CController.php(265): CController->runActionWithFilters(Object(CInlineAction), Array)
#10 D:\yii\clubNews\framework\web\CWebApplication.php(282): CController->run('update')
#11 D:\yii\clubNews\framework\web\CWebApplication.php(141): CWebApplication->runController('warehouseIn/upd...')
#12 D:\yii\clubNews\framework\base\CApplication.php(185): CWebApplication->processRequest()
#13 D:\yii\clubNews\index.php(33): CApplication->run()
#14 {main}
REQUEST_URI=/clubNews/index.php?r=warehouseIn/update&id=1
HTTP_REFERER=http://localhost/clubNews/index.php?r=warehouseIn/index
---
2018/12/02 13:11:39 [error] [exception.ParseError] ParseError: syntax error, unexpected ';', expecting ',' or ')' in D:\yii\clubNews\admin\views\warehouseIn\update.php:119
Stack trace:
#0 D:\yii\clubNews\framework\web\CBaseController.php(95): CBaseController->renderInternal('D:\\yii\\clubNews...', Array, true)
#1 D:\yii\clubNews\framework\web\CController.php(872): CBaseController->renderFile('D:\\yii\\clubNews...', Array, true)
#2 D:\yii\clubNews\framework\web\CController.php(785): CController->renderPartial('update', Array, true)
#3 D:\yii\clubNews\admin\controllers\WarehouseInController.php(40): CController->render('update', Array)
#4 [internal function]: WarehouseInController->actionUpdate('1')
#5 D:\yii\clubNews\framework\web\actions\CAction.php(109): ReflectionMethod->invokeArgs(Object(WarehouseInController), Array)
#6 D:\yii\clubNews\framework\web\actions\CInlineAction.php(47): CAction->runWithParamsInternal(Object(WarehouseInController), Object(ReflectionMethod), Array)
#7 D:\yii\clubNews\framework\web\CController.php(308): CInlineAction->runWithParams(Array)
#8 D:\yii\clubNews\framework\web\CController.php(286): CController->runAction(Object(CInlineAction))
#9 D:\yii\clubNews\framework\web\CController.php(265): CController->runActionWithFilters(Object(CInlineAction), Array)
#10 D:\yii\clubNews\framework\web\CWebApplication.php(282): CController->run('update')
#11 D:\yii\clubNews\framework\web\CWebApplication.php(141): CWebApplication->runController('warehouseIn/upd...')
#12 D:\yii\clubNews\framework\base\CApplication.php(185): CWebApplication->processRequest()
#13 D:\yii\clubNews\index.php(33): CApplication->run()
#14 {main}
REQUEST_URI=/clubNews/index.php?r=warehouseIn/update&id=1
HTTP_REFERER=http://localhost/clubNews/index.php?r=warehouseIn/index
---
